<?xml version="1.0" encoding="UTF-8"?>
<!-- Generated by org.testng.reporters.JUnitReportReporter -->
<testsuite hostname="Salenium-03" failures="0" tests="1" name="com.testCases.Weborder_Login_Data_Driven" time="5.652" errors="0" timestamp="2022-09-27T07:37:45 GMT-07:00" skipped="0">
  <testcase classname="com.testCases.Weborder_Login_Data_Driven" name="TC_001" time="5.652"/>
  <system-out/>
</testsuite> <!-- com.testCases.Weborder_Login_Data_Driven -->
